0 info it worked if it ends with ok
1 verbose cli [ '/usr/bin/nodejs',
1 verbose cli   '/usr/bin/npm',
1 verbose cli   'install',
1 verbose cli   '-g',
1 verbose cli   'phantomjs2' ]
2 info using npm@1.3.10
3 info using node@v0.10.25
4 verbose cache add [ 'phantomjs2', null ]
5 verbose cache add name=undefined spec="phantomjs2" args=["phantomjs2",null]
6 verbose parsed url { protocol: null,
6 verbose parsed url   slashes: null,
6 verbose parsed url   auth: null,
6 verbose parsed url   host: null,
6 verbose parsed url   port: null,
6 verbose parsed url   hostname: null,
6 verbose parsed url   hash: null,
6 verbose parsed url   search: null,
6 verbose parsed url   query: null,
6 verbose parsed url   pathname: 'phantomjs2',
6 verbose parsed url   path: 'phantomjs2',
6 verbose parsed url   href: 'phantomjs2' }
7 silly lockFile 8ea9f5ba-phantomjs2 phantomjs2
8 verbose lock phantomjs2 /home/patryk/.npm/8ea9f5ba-phantomjs2.lock
9 silly lockFile 8ea9f5ba-phantomjs2 phantomjs2
10 silly lockFile 8ea9f5ba-phantomjs2 phantomjs2
11 verbose addNamed [ 'phantomjs2', '' ]
12 verbose addNamed [ null, '*' ]
13 silly lockFile 1a40ed0a-phantomjs2 phantomjs2@
14 verbose lock phantomjs2@ /home/patryk/.npm/1a40ed0a-phantomjs2.lock
15 silly addNameRange { name: 'phantomjs2', range: '*', hasData: false }
16 verbose url raw phantomjs2
17 verbose url resolving [ 'https://registry.npmjs.org/', './phantomjs2' ]
18 verbose url resolved https://registry.npmjs.org/phantomjs2
19 info trying registry request attempt 1 at 06:42:11
20 verbose etag "6B2XAR6GBD5LDI0RFTYNF8KUC"
21 http GET https://registry.npmjs.org/phantomjs2
22 http 304 https://registry.npmjs.org/phantomjs2
23 silly registry.get cb [ 304,
23 silly registry.get   { date: 'Sat, 23 Jan 2016 05:42:12 GMT',
23 silly registry.get     via: '1.1 varnish',
23 silly registry.get     'cache-control': 'max-age=300',
23 silly registry.get     etag: '"6B2XAR6GBD5LDI0RFTYNF8KUC"',
23 silly registry.get     age: '40',
23 silly registry.get     connection: 'keep-alive',
23 silly registry.get     'x-served-by': 'cache-fra1246-FRA',
23 silly registry.get     'x-cache': 'HIT',
23 silly registry.get     'x-cache-hits': '1',
23 silly registry.get     'x-timer': 'S1453527732.225517,VS0,VE0',
23 silly registry.get     vary: 'Accept' } ]
24 verbose etag phantomjs2 from cache
25 silly addNameRange number 2 { name: 'phantomjs2', range: '*', hasData: true }
26 silly addNameRange versions [ 'phantomjs2', [ '2.0.0', '2.0.1', '2.0.2' ] ]
27 verbose addNamed [ 'phantomjs2', '2.0.2' ]
28 verbose addNamed [ '2.0.2', '2.0.2' ]
29 silly lockFile 51166dcb-phantomjs2-2-0-2 phantomjs2@2.0.2
30 verbose lock phantomjs2@2.0.2 /home/patryk/.npm/51166dcb-phantomjs2-2-0-2.lock
31 silly lockFile 51166dcb-phantomjs2-2-0-2 phantomjs2@2.0.2
32 silly lockFile 51166dcb-phantomjs2-2-0-2 phantomjs2@2.0.2
33 silly lockFile 1a40ed0a-phantomjs2 phantomjs2@
34 silly lockFile 1a40ed0a-phantomjs2 phantomjs2@
35 silly resolved [ { name: 'phantomjs2',
35 silly resolved     version: '2.0.2',
35 silly resolved     keywords: [ 'phantomjs', 'phantomjs2', 'headless', 'webkit' ],
35 silly resolved     description: 'Headless WebKit with JS API',
35 silly resolved     homepage: 'https://github.com/zeevl/phantomjs2',
35 silly resolved     repository: { type: 'git', url: 'git://github.com/zeevl/phantomjs2.git' },
35 silly resolved     license: 'Apache-2.0',
35 silly resolved     author: { name: 'Steve Lamb', email: 'steve@stevelamb.io' },
35 silly resolved     main: 'lib/phantomjs',
35 silly resolved     bin: { phantomjs: './bin/phantomjs' },
35 silly resolved     scripts:
35 silly resolved      { install: 'node install.js',
35 silly resolved        test: 'nodeunit --reporter=minimal test/tests.js && eslint install.js' },
35 silly resolved     dependencies:
35 silly resolved      { 'adm-zip': '0.4.4',
35 silly resolved        'fs-extra': '~0.23.1',
35 silly resolved        glob: '^6.0.1',
35 silly resolved        kew: '0.4.0',
35 silly resolved        mkdirp: '^0.5.1',
35 silly resolved        npmconf: '2.1.1',
35 silly resolved        progress: '1.1.8',
35 silly resolved        request: '2.42.0',
35 silly resolved        'request-progress': '0.3.1',
35 silly resolved        which: '~1.0.5' },
35 silly resolved     devDependencies: { eslint: '1.5.1', nodeunit: '0.9.0' },
35 silly resolved     readme: 'phantomjs\n=========\n\nAn NPM wrapper for [PhantomJS](http://phantomjs.org/) *version 2*, headless webkit with JS API.\n\nNOTE: phantomjs v2.x is currently under heavy development.   Releases should be considered unstable.\n\nThis is a fork from [Medium/phantomjs](https://github.com/Medium/phantomjs) which beautifully installs phantomjs v1.9.x.\n\n\n[![Build Status](https://travis-ci.org/Medium/phantomjs.svg?branch=master)](https://travis-ci.org/Medium/phantomjs)\n\nBuilding and Installing\n-----------------------\n\n```shell\nnpm install phantomjs2\n```\n\nOr grab the source and\n\n```shell\nnode ./install.js\n```\n\nWhat this installer is really doing is just grabbing a particular "blessed" (by\nthis module) version of Phantom. As new versions of Phantom are released\nand vetted, this module will be updated accordingly.\n\nThe package has been set up to fetch and run Phantom for MacOS (darwin) and\nLinux based platforms (as identified by nodejs), using the pre-built binaries\nfrom https://github.com/bprodoehl/phantomjs/releases/\n\nRunning\n-------\n\n```shell\nbin/phantomjs [phantom arguments]\n```\n\nAnd npm will install a link to the binary in `node_modules/.bin` as\nit is wont to do.\n\nRunning via node\n----------------\n\nThe package exports a `path` string that contains the path to the\nphantomjs binary/executable.\n\nBelow is an example of using this package via node.\n\n```javascript\nvar path = require(\'path\')\nvar childProcess = require(\'child_process\')\nvar phantomjs = require(\'phantomjs2\')\nvar binPath = phantomjs.path\n\nvar childArgs = [\n  path.join(__dirname, \'phantomjs-script.js\'),\n  \'some other argument (passed to phantomjs script)\'\n]\n\nchildProcess.execFile(binPath, childArgs, function(err, stdout, stderr) {\n  // handle results\n})\n\n```\n\nVersioning\n----------\n\nThe major and minor number tracks the version of PhantomJS that will be\ninstalled. The patch number is incremented when there is either an installer\nupdate or a patch build of the phantom binary.\n\nDeciding Where To Get PhantomJS\n-------------------------------\n\nBy default, this package will download phantomjs from `https://bitbucket.org/ariya/phantomjs/downloads`.\nThis should work fine for most people.\n\n## Downloading from a custom URL\n\nIf bitbucket is down, or the Great Firewall is blocking bitbucket, you have a few options:\n\n#### Download from a phantomjs download mirror\n\nTo set a mirror, set npm config property `phantomjs_cdnurl`.   The advantage of this\napproach is that it will carry over the proper detection of version and OS, however\n*the mirror must match the structure and naming conventions of\n`https://bitbucket.org/ariya/phantomjs/downloads`.\n\n```shell\nnpm install phantomjs --phantomjs_cdnurl=http://cnpmjs.org/downloads\n```\n\nOr add property into your `.npmrc` file (https://www.npmjs.org/doc/files/npmrc.html)\n\n```\nphantomjs_cdnurl=http://cnpmjs.org/downloads\n```\n\nAnother option is to use environment variable `PHANTOMJS_CDNURL`.\n```shell\nPHANTOMJS_CDNURL=http://cnpmjs.org/downloads npm install phantomjs\n```\n\n#### Or, specify a specific download location.\n\nThis is useful to entirely override the phantomjs download locaiton, i.e. if\nyou wish to use a custom build.   As of this writing there are lots of\ncustom builds for phantomjs2, particularly to get it working on various flavors\nof linux.  (see https://github.com/ariya/phantomjs/issues/12948)\n\nTo set a specifc download location, set npm config property `phantomjs_downloadurl`.\n\n```shell\nnpm install phantomjs --phantomjs_downloadurl=https://github.com/eugene1g/phantomjs/releases/download/2.0.0-bin/phantomjs-2.0.0-macosx.zip\n```\n\nor set the environment variable `PHANTOMJS_DOWNLOADURL`.\n```shell\nPHANTOMJS_DOWNLOADURL=https://github.com/eugene1g/phantomjs/releases/download/2.0.0-bin/phantomjs-2.0.0-macosx.zip npm install phantomjs\n```\n\n\n##### Using PhantomJS from disk\n\nIf you plan to install phantomjs many times on a single machine, you can\ninstall the `phantomjs` binary on PATH. The installer will automatically detect\nand use that for non-global installs.\n\n\nA Note on PhantomJS\n-------------------\n\nPhantomJS is not a library for NodeJS.  It\'s a separate environment and code\nwritten for node is unlikely to be compatible.  In particular PhantomJS does\nnot expose a Common JS package loader.\n\nThis is an _NPM wrapper_ and can be used to conveniently make Phantom available\nIt is not a Node JS wrapper.\n\nI have had reasonable experiences writing standalone Phantom scripts which I\nthen drive from within a node program by spawning phantom in a child process.\n\nRead the PhantomJS FAQ for more details: http://phantomjs.org/faq.html\n\n### Linux Note\n\nAn extra note on Linux usage, from the PhantomJS download page:\n\n > This package is built on CentOS 5.8. It should run successfully on Lucid or\n > more modern systems (including other distributions). There is no requirement\n > to install Qt, WebKit, or any other libraries. It is however expected that\n > some base libraries necessary for rendering (FreeType, Fontconfig) and the\n > basic font files are available in the system.\n\nTroubleshooting\n---------------\n\n##### Installation fails with `spawn ENOENT`\n\nThis is NPM\'s way of telling you that it was not able to start a process. It usually means:\n\n- `node` is not on your PATH, or otherwise not correctly installed.\n- `tar` is not on your PATH. This package expects `tar` on your PATH on Linux-based platforms.\n\nCheck your specific error message for more information.\n\n##### Installation fails with `Error: EPERM` or `operation not permitted` or `permission denied`\n\nThis error means that NPM was not able to install phantomjs to the file system. There are three\nmajor reasons why this could happen:\n\n- You don\'t have write access to the installation directory.\n- The permissions in the NPM cache got messed up, and you need to run `npm cache clean` to fix them.\n- You have over-zealous anti-virus software installed, and it\'s blocking file system writes.\n\n##### Installation fails with `Error: read ECONNRESET` or `Error: connect ETIMEDOUT`\n\nThis error means that something went wrong with your internet connection, and the installer\nwas not able to download the PhantomJS binary for your platform. Please try again.\n\n##### I tried again, but I get `ECONNRESET` or `ETIMEDOUT` consistently.\n\nDo you live in China, or a country with an authoritarian government? We\'ve seen problems where\nthe GFW or local ISP blocks bitbucket, preventing the installer from downloading the binary.\n\nTry visiting the [the download page](http://cdn.bitbucket.org/ariya/phantomjs/downloads) manually.\nIf that page is blocked, you can try using a different CDN with the `PHANTOMJS_CDNURL`\nenv variable described above.\n\n##### I am behind a corporate proxy that uses self-signed SSL certificates to intercept encrypted traffic.\n\nYou can tell NPM and the PhantomJS installer to skip validation of ssl keys with NPM\'s\n[strict-ssl](https://www.npmjs.org/doc/misc/npm-config.html#strict-ssl) setting:\n\n```\nnpm set strict-ssl false\n```\n\nWARNING: Turning off `strict-ssl` leaves you vulnerable to attackers reading\nyour encrypted traffic, so run this at your own risk!\n\n##### I tried everything, but my network is b0rked. What do I do?\n\nIf you install PhantomJS manually, and put it on PATH, the installer will try to\nuse the manually-installed binaries.\n\n##### I\'m on Debian or Ubuntu, and the installer failed because it couldn\'t find `node`\n\nSome Linux distros tried to rename `node` to `nodejs` due to a package\nconflict. This is a non-portable change, and we do not try to support this. The\n[official documentation](https://github.com/joyent/node/wiki/Installing-Node.js-via-package-manager#ubuntu-mint-elementary-os)\nrecommends that you run `apt-get install nodejs-legacy` to symlink `node` to `nodejs`\non those platforms, or many NodeJS programs won\'t work properly.\n\nContributing\n------------\n\nQuestions, comments, bug reports, and pull requests are all welcome.  Submit them at\n[the project on GitHub](https://github.com/zeevl/phantomjs2/).\n\nBug reports that include steps-to-reproduce (including code) are the\nbest. Even better, make them in the form of pull requests.\n\nAuthors (original)\n------------------\n\n[Dan Pupius](https://github.com/dpup)\n([personal website](http://pupius.co.uk)), supported by\n[The Obvious Corporation](http://obvious.com/).\n\nPorted to phantomjs2 by [zeevl](https://github.com/zeevl)\n\nLicense\n-------\n\nCopyright 2012 [The Obvious Corporation](http://obvious.com/).\n\nLicensed under the Apache License, Version 2.0.\nSee the top-level file `LICENSE.txt` and\n(http://www.apache.org/licenses/LICENSE-2.0).\n',
35 silly resolved     readmeFilename: 'README.md',
35 silly resolved     bugs: { url: 'https://github.com/zeevl/phantomjs2/issues' },
35 silly resolved     _id: 'phantomjs2@2.0.2',
35 silly resolved     _from: 'phantomjs2@' } ]
36 info install phantomjs2@2.0.2 into /usr/local/lib
37 info installOne phantomjs2@2.0.2
38 info /usr/local/lib/node_modules/phantomjs2 unbuild
39 verbose tar unpack /home/patryk/.npm/phantomjs2/2.0.2/package.tgz
40 silly lockFile a1a0814e-ocal-lib-node-modules-phantomjs2 tar:///usr/local/lib/node_modules/phantomjs2
41 verbose lock tar:///usr/local/lib/node_modules/phantomjs2 /home/patryk/.npm/a1a0814e-ocal-lib-node-modules-phantomjs2.lock
42 silly lockFile 5a211c52-npm-phantomjs2-2-0-2-package-tgz tar:///home/patryk/.npm/phantomjs2/2.0.2/package.tgz
43 verbose lock tar:///home/patryk/.npm/phantomjs2/2.0.2/package.tgz /home/patryk/.npm/5a211c52-npm-phantomjs2-2-0-2-package-tgz.lock
44 silly gunzTarPerm modes [ '755', '644' ]
45 error Error: EACCES, mkdir '/usr/local/lib/node_modules/phantomjs2'
45 error  { [Error: EACCES, mkdir '/usr/local/lib/node_modules/phantomjs2']
45 error   errno: 3,
45 error   code: 'EACCES',
45 error   path: '/usr/local/lib/node_modules/phantomjs2',
45 error   fstream_type: 'Directory',
45 error   fstream_path: '/usr/local/lib/node_modules/phantomjs2',
45 error   fstream_class: 'DirWriter',
45 error   fstream_stack:
45 error    [ '/usr/lib/nodejs/fstream/lib/dir-writer.js:36:23',
45 error      '/usr/lib/nodejs/mkdirp/index.js:37:53',
45 error      'Object.oncomplete (fs.js:107:15)' ] }
46 error Please try running this command again as root/Administrator.
47 error System Linux 3.16.0-59-generic
48 error command "/usr/bin/nodejs" "/usr/bin/npm" "install" "-g" "phantomjs2"
49 error cwd /home/patryk/public_html/alpha/wp-content/themes/pencil
50 error node -v v0.10.25
51 error npm -v 1.3.10
52 error path /usr/local/lib/node_modules/phantomjs2
53 error fstream_path /usr/local/lib/node_modules/phantomjs2
54 error fstream_type Directory
55 error fstream_class DirWriter
56 error code EACCES
57 error errno 3
58 error stack Error: EACCES, mkdir '/usr/local/lib/node_modules/phantomjs2'
59 error fstream_stack /usr/lib/nodejs/fstream/lib/dir-writer.js:36:23
59 error fstream_stack /usr/lib/nodejs/mkdirp/index.js:37:53
59 error fstream_stack Object.oncomplete (fs.js:107:15)
60 verbose exit [ 3, true ]
